Arguments: 
  /usr/local/bin/node /usr/local/bin/yarn add electron-in-page-search

PATH: 
  ~/anaconda/bin:~/anaconda/bin:~/anaconda/bin:~/anaconda/bin:/usr/local/bin:/usr/local/bin:/usr/bin:/bin:/usr/sbin:/sbin:/Applications/VMware Fusion.app/Contents/Public:/usr/local/MacGPG2/bin:/usr/local/share/dotnet:/Library/Frameworks/Mono.framework/Versions/Current/Commands:/Users/girishrangaswamy/tet/android-sdk-macosx/platform-tools:/Users/girishrangaswamy/tet/android-sdk-macosx/tools:/Users/girishrangaswamy/Desktop/auto-prod/android-sdk-macosx/platform-tools/:/Users/girishrangaswamy/Desktop/auto-prod/android-sdk-macosx/tools/:/Users/girishrangaswamy/Desktop/sel_test/

Yarn version: 
  1.7.0

Node version: 
  9.11.1

Platform: 
  darwin x64

Trace: 
  Error: EACCES: permission denied, mkdir '/Users/girishrangaswamy/theRIG/enigma/cloud-api-query/node_modules/builder-util/node_modules/app-builder-bin'

npm manifest: 
  {
    "name": "cloud-api-query",
    "version": "0.0.1",
    "description": "Cloud API Query - alpha",
    "main": "main.js",
    "scripts": {
      "test": "echo \"Error: no test specified\" && exit 1",
      "start": "electron .",
      "build": "build"
    },
    "author": "integrtr",
    "license": "GNU GPLV2 ",
    "devDependencies": {
      "electron": "^2.0.2",
      "electron-builder": "^20.14.7",
      "electron-builder-squirrel-windows": "^20.14.6"
    },
    "dependencies": {
      "electron-in-page-search": "^1.3.2",
      "electron-log": "^2.2.14",
      "electron-updater": "^2.21.10",
      "path": "^0.12.7"
    },
    "build": {
      "publish": [
        {
          "provider": "github",
          "owner": "integrtr",
          "repo": "electron-updater-example"
        }
      ],
      "appId": "com.integrtr.cloudapiquery",
      "win": {
        "target": "NSIS",
        "icon": "assets/icon/windows/256x256.png"
      }
    }
  }

yarn manifest: 
  No manifest

Lockfile: 
  No lockfile
